[07-Apr-2024 06:07:19 UTC] PHP Deprecated:  Hook http_api_transports is deprecated since version 6.4.0 with no alternative available. in /wordpress/wp-includes/functions.php on line 135
[07-Apr-2024 06:07:29 UTC] PHP Deprecated:  Hook http_api_transports is deprecated since version 6.4.0 with no alternative available. in /wordpress/wp-includes/functions.php on line 135
[07-Apr-2024 06:07:31 UTC] PHP Deprecated:  Hook http_api_transports is deprecated since version 6.4.0 with no alternative available. in /wordpress/wp-includes/functions.php on line 135
[07-Apr-2024 06:07:45 UTC] PHP Deprecated:  Hook http_api_transports is deprecated since version 6.4.0 with no alternative available. in /wordpress/wp-includes/functions.php on line 135
[07-Apr-2024 06:07:51 UTC] PHP Deprecated:  Hook http_api_transports is deprecated since version 6.4.0 with no alternative available. in /wordpress/wp-includes/functions.php on line 135
[07-Apr-2024 06:25:46 UTC] PHP Deprecated:  Hook http_api_transports is deprecated since version 6.4.0 with no alternative available. in /wordpress/wp-includes/functions.php on line 135
[07-Apr-2024 06:26:07 UTC] PHP Deprecated:  Hook http_api_transports is deprecated since version 6.4.0 with no alternative available. in /wordpress/wp-includes/functions.php on line 135
[07-Apr-2024 06:26:10 UTC] PHP Deprecated:  Hook http_api_transports is deprecated since version 6.4.0 with no alternative available. in /wordpress/wp-includes/functions.php on line 135
[07-Apr-2024 06:26:33 UTC] PHP Deprecated:  Hook http_api_transports is deprecated since version 6.4.0 with no alternative available. in /wordpress/wp-includes/functions.php on line 135
[07-Apr-2024 06:26:36 UTC] PHP Deprecated:  Hook http_api_transports is deprecated since version 6.4.0 with no alternative available. in /wordpress/wp-includes/functions.php on line 135
[07-Apr-2024 06:26:46 UTC] PHP Deprecated:  Hook http_api_transports is deprecated since version 6.4.0 with no alternative available. in /wordpress/wp-includes/functions.php on line 135
[07-Apr-2024 06:26:49 UTC] PHP Deprecated:  Function get_currentuserinfo is deprecated since version 4.5.0! Use wp_get_current_user() instead. in /wordpress/wp-includes/functions.php on line 135
[07-Apr-2024 06:26:49 UTC] PHP Warning:  Undefined variable $parent_theme_name in /wordpress/wp-content/plugins/one-click-child-theme-main/templates/create_child_form.php on line 18
[07-Apr-2024 06:26:59 UTC] PHP Deprecated:  Function get_current_theme is deprecated since version 3.4.0! Use wp_get_theme() instead. in /wordpress/wp-includes/functions.php on line 135
[07-Apr-2024 06:27:00 UTC] PHP Deprecated:  Hook http_api_transports is deprecated since version 6.4.0 with no alternative available. in /wordpress/wp-includes/functions.php on line 135
[07-Apr-2024 06:29:24 UTC] PHP Deprecated:  Hook http_api_transports is deprecated since version 6.4.0 with no alternative available. in /wordpress/wp-includes/functions.php on line 135
[07-Apr-2024 06:30:59 UTC] PHP Deprecated:  Hook http_api_transports is deprecated since version 6.4.0 with no alternative available. in /wordpress/wp-includes/functions.php on line 135
[07-Apr-2024 06:31:02 UTC] PHP Deprecated:  Hook http_api_transports is deprecated since version 6.4.0 with no alternative available. in /wordpress/wp-includes/functions.php on line 135
[07-Apr-2024 06:31:07 UTC] PHP Deprecated:  Hook http_api_transports is deprecated since version 6.4.0 with no alternative available. in /wordpress/wp-includes/functions.php on line 135
[07-Apr-2024 06:31:08 UTC] PHP Deprecated:  Hook http_api_transports is deprecated since version 6.4.0 with no alternative available. in /wordpress/wp-includes/functions.php on line 135
[07-Apr-2024 06:31:11 UTC] PHP Deprecated:  Hook http_api_transports is deprecated since version 6.4.0 with no alternative available. in /wordpress/wp-includes/functions.php on line 135
[07-Apr-2024 06:31:51 UTC] PHP Deprecated:  Hook http_api_transports is deprecated since version 6.4.0 with no alternative available. in /wordpress/wp-includes/functions.php on line 135
[07-Apr-2024 06:48:14 UTC] PHP Deprecated:  Hook http_api_transports is deprecated since version 6.4.0 with no alternative available. in /wordpress/wp-includes/functions.php on line 135
[07-Apr-2024 07:11:06 UTC] PHP Deprecated:  Hook http_api_transports is deprecated since version 6.4.0 with no alternative available. in /wordpress/wp-includes/functions.php on line 135
[07-Apr-2024 07:12:00 UTC] PHP Deprecated:  Hook http_api_transports is deprecated since version 6.4.0 with no alternative available. in /wordpress/wp-includes/functions.php on line 135
[07-Apr-2024 07:12:04 UTC] PHP Deprecated:  Hook http_api_transports is deprecated since version 6.4.0 with no alternative available. in /wordpress/wp-includes/functions.php on line 135
[07-Apr-2024 07:13:03 UTC] PHP Deprecated:  Hook http_api_transports is deprecated since version 6.4.0 with no alternative available. in /wordpress/wp-includes/functions.php on line 135
[07-Apr-2024 15:15:20 UTC] PHP Deprecated:  Hook http_api_transports is deprecated since version 6.4.0 with no alternative available. in /wordpress/wp-includes/functions.php on line 135
[07-Apr-2024 15:20:37 UTC] PHP Deprecated:  Hook http_api_transports is deprecated since version 6.4.0 with no alternative available. in /wordpress/wp-includes/functions.php on line 135
[07-Apr-2024 15:20:40 UTC] PHP Deprecated:  Hook http_api_transports is deprecated since version 6.4.0 with no alternative available. in /wordpress/wp-includes/functions.php on line 135
[07-Apr-2024 15:20:45 UTC] PHP Deprecated:  Hook http_api_transports is deprecated since version 6.4.0 with no alternative available. in /wordpress/wp-includes/functions.php on line 135
[07-Apr-2024 15:20:46 UTC] PHP Deprecated:  Hook http_api_transports is deprecated since version 6.4.0 with no alternative available. in /wordpress/wp-includes/functions.php on line 135
[07-Apr-2024 15:20:48 UTC] PHP Deprecated:  Hook http_api_transports is deprecated since version 6.4.0 with no alternative available. in /wordpress/wp-includes/functions.php on line 135
[07-Apr-2024 15:26:12 UTC] PHP Deprecated:  Hook http_api_transports is deprecated since version 6.4.0 with no alternative available. in /wordpress/wp-includes/functions.php on line 135
[07-Apr-2024 15:30:41 UTC] PHP Deprecated:  Hook http_api_transports is deprecated since version 6.4.0 with no alternative available. in /wordpress/wp-includes/functions.php on line 135
[07-Apr-2024 15:34:56 UTC] PHP Deprecated:  Hook http_api_transports is deprecated since version 6.4.0 with no alternative available. in /wordpress/wp-includes/functions.php on line 135
[07-Apr-2024 15:35:00 UTC] PHP Deprecated:  Hook http_api_transports is deprecated since version 6.4.0 with no alternative available. in /wordpress/wp-includes/functions.php on line 135
[07-Apr-2024 15:35:03 UTC] PHP Deprecated:  Hook http_api_transports is deprecated since version 6.4.0 with no alternative available. in /wordpress/wp-includes/functions.php on line 135
[07-Apr-2024 15:35:17 UTC] PHP Deprecated:  Hook http_api_transports is deprecated since version 6.4.0 with no alternative available. in /wordpress/wp-includes/functions.php on line 135
[07-Apr-2024 15:35:21 UTC] PHP Deprecated:  Hook http_api_transports is deprecated since version 6.4.0 with no alternative available. in /wordpress/wp-includes/functions.php on line 135
[07-Apr-2024 15:35:22 UTC] PHP Deprecated:  Hook http_api_transports is deprecated since version 6.4.0 with no alternative available. in /wordpress/wp-includes/functions.php on line 135
[07-Apr-2024 15:52:06 UTC] PHP Fatal error:  Out of memory (allocated 39845888) (tried to allocate 8192 bytes) in /wordpress/wp-includes/rest-api/class-wp-rest-server.php on line 3
[07-Apr-2024 15:52:07 UTC] PHP Fatal error:  Out of memory (allocated 37748736) (tried to allocate 2097152 bytes) in /wordpress/wp-content/plugins/wpforms-lite/src/Admin/Education/Core.php on line 64
[07-Apr-2024 15:52:08 UTC] PHP Fatal error:  Out of memory (allocated 31457280) (tried to allocate 2097152 bytes) in /wordpress/wp-content/plugins/wpforms-lite/src/Admin/Education/Fields.php on line 49
[07-Apr-2024 15:52:09 UTC] PHP Fatal error:  Out of memory (allocated 27262976) (tried to allocate 2097152 bytes) in /wordpress/wp-content/plugins/wpforms-lite/src/Admin/Education/Fields.php on line 49
[07-Apr-2024 15:52:09 UTC] PHP Fatal error:  Out of memory (allocated 27262976) (tried to allocate 2097152 bytes) in /wordpress/wp-content/plugins/wpforms-lite/src/Admin/Education/Fields.php on line 49
[07-Apr-2024 15:52:09 UTC] PHP Fatal error:  Out of memory (allocated 25165824) (tried to allocate 2097152 bytes) in /wordpress/wp-content/plugins/wpforms-lite/src/Admin/Education/Fields.php on line 49
[07-Apr-2024 15:52:09 UTC] PHP Fatal error:  Out of memory (allocated 25165824) (tried to allocate 2097152 bytes) in /wordpress/wp-content/plugins/wpforms-lite/src/Admin/Education/Fields.php on line 49
[07-Apr-2024 15:52:10 UTC] PHP Fatal error:  Out of memory (allocated 25165824) (tried to allocate 2097152 bytes) in /wordpress/wp-content/plugins/wpforms-lite/src/Admin/Education/Fields.php on line 49
[07-Apr-2024 15:52:10 UTC] PHP Fatal error:  Out of memory (allocated 25165824) (tried to allocate 2097152 bytes) in /wordpress/wp-content/plugins/wpforms-lite/src/Admin/Education/Fields.php on line 49
[07-Apr-2024 15:52:11 UTC] PHP Fatal error:  Out of memory (allocated 25165824) (tried to allocate 2097152 bytes) in /wordpress/wp-content/plugins/wpforms-lite/src/Admin/Education/Fields.php on line 49
[07-Apr-2024 15:52:11 UTC] PHP Fatal error:  Out of memory (allocated 25165824) (tried to allocate 2097152 bytes) in /wordpress/wp-content/plugins/wpforms-lite/src/Admin/Education/Fields.php on line 49
[07-Apr-2024 15:52:11 UTC] PHP Fatal error:  Out of memory (allocated 25165824) (tried to allocate 2097152 bytes) in /wordpress/wp-content/plugins/wpforms-lite/src/Admin/Education/Fields.php on line 49
[07-Apr-2024 15:52:11 UTC] PHP Fatal error:  Out of memory (allocated 25165824) (tried to allocate 2097152 bytes) in /wordpress/wp-content/plugins/wpforms-lite/src/Admin/Education/Fields.php on line 49
[07-Apr-2024 15:52:12 UTC] PHP Fatal error:  Out of memory (allocated 25165824) (tried to allocate 2097152 bytes) in /wordpress/wp-content/plugins/wpforms-lite/src/Admin/Education/Fields.php on line 49
[07-Apr-2024 15:52:12 UTC] PHP Fatal error:  Out of memory (allocated 25165824) (tried to allocate 2097152 bytes) in /wordpress/wp-content/plugins/wpforms-lite/src/Admin/Education/Fields.php on line 49
[07-Apr-2024 15:52:12 UTC] PHP Fatal error:  Out of memory (allocated 25165824) (tried to allocate 2097152 bytes) in /wordpress/wp-content/plugins/wpforms-lite/src/Admin/Education/Fields.php on line 49
[07-Apr-2024 15:52:13 UTC] PHP Fatal error:  Out of memory (allocated 25165824) (tried to allocate 2097152 bytes) in /wordpress/wp-content/plugins/wpforms-lite/src/Admin/Education/Fields.php on line 49
[07-Apr-2024 15:52:13 UTC] PHP Fatal error:  Out of memory (allocated 25165824) (tried to allocate 2097152 bytes) in /wordpress/wp-content/plugins/wpforms-lite/src/Admin/Education/Fields.php on line 49
[07-Apr-2024 15:52:13 UTC] PHP Fatal error:  Out of memory (allocated 25165824) (tried to allocate 2097152 bytes) in /wordpress/wp-content/plugins/wpforms-lite/src/Admin/Education/Fields.php on line 49
[07-Apr-2024 15:52:14 UTC] PHP Fatal error:  Out of memory (allocated 25165824) (tried to allocate 2097152 bytes) in /wordpress/wp-content/plugins/wpforms-lite/src/Admin/Education/Fields.php on line 49
[07-Apr-2024 15:52:14 UTC] PHP Fatal error:  Out of memory (allocated 25165824) (tried to allocate 2097152 bytes) in /wordpress/wp-content/plugins/wpforms-lite/src/Admin/Education/Fields.php on line 49
[07-Apr-2024 15:52:14 UTC] PHP Fatal error:  Out of memory (allocated 25165824) (tried to allocate 2097152 bytes) in /wordpress/wp-content/plugins/wpforms-lite/src/Admin/Education/Fields.php on line 49
[07-Apr-2024 15:52:14 UTC] PHP Fatal error:  Out of memory (allocated 25165824) (tried to allocate 2097152 bytes) in /wordpress/wp-content/plugins/wpforms-lite/src/Admin/Education/Fields.php on line 49
[07-Apr-2024 15:52:15 UTC] PHP Fatal error:  Out of memory (allocated 25165824) (tried to allocate 2097152 bytes) in /wordpress/wp-content/plugins/wpforms-lite/src/Admin/Education/Fields.php on line 49
[07-Apr-2024 15:52:15 UTC] PHP Fatal error:  Out of memory (allocated 25165824) (tried to allocate 2097152 bytes) in /wordpress/wp-content/plugins/wpforms-lite/src/Admin/Education/Fields.php on line 49
[07-Apr-2024 15:52:16 UTC] PHP Fatal error:  Out of memory (allocated 25165824) (tried to allocate 2097152 bytes) in /wordpress/wp-content/plugins/wpforms-lite/src/Admin/Education/Fields.php on line 49
[07-Apr-2024 15:52:16 UTC] PHP Fatal error:  Out of memory (allocated 25165824) (tried to allocate 2097152 bytes) in /wordpress/wp-content/plugins/wpforms-lite/src/Admin/Education/Fields.php on line 49
[07-Apr-2024 15:52:17 UTC] PHP Fatal error:  Out of memory (allocated 25165824) (tried to allocate 2097152 bytes) in /wordpress/wp-content/plugins/wpforms-lite/src/Admin/Education/Fields.php on line 49
[07-Apr-2024 15:52:17 UTC] PHP Fatal error:  Out of memory (allocated 25165824) (tried to allocate 2097152 bytes) in /wordpress/wp-content/plugins/wpforms-lite/src/Admin/Education/Fields.php on line 49
[07-Apr-2024 15:52:18 UTC] PHP Fatal error:  Out of memory (allocated 25165824) (tried to allocate 2097152 bytes) in /wordpress/wp-content/plugins/wpforms-lite/src/Admin/Education/Fields.php on line 49
[07-Apr-2024 15:52:18 UTC] PHP Fatal error:  Out of memory (allocated 25165824) (tried to allocate 2097152 bytes) in /wordpress/wp-content/plugins/wpforms-lite/src/Admin/Education/Fields.php on line 49
[07-Apr-2024 15:52:18 UTC] PHP Fatal error:  Out of memory (allocated 25165824) (tried to allocate 2097152 bytes) in /wordpress/wp-content/plugins/wpforms-lite/src/Admin/Education/Fields.php on line 49
[07-Apr-2024 15:52:19 UTC] PHP Fatal error:  Out of memory (allocated 25165824) (tried to allocate 2097152 bytes) in /wordpress/wp-content/plugins/wpforms-lite/src/Admin/Education/Fields.php on line 49
[07-Apr-2024 15:52:19 UTC] PHP Fatal error:  Out of memory (allocated 25165824) (tried to allocate 2097152 bytes) in /wordpress/wp-content/plugins/wpforms-lite/src/Admin/Education/Fields.php on line 49
[07-Apr-2024 15:52:20 UTC] PHP Fatal error:  Out of memory (allocated 25165824) (tried to allocate 2097152 bytes) in /wordpress/wp-content/plugins/wpforms-lite/src/Admin/Education/Fields.php on line 49
[07-Apr-2024 15:52:21 UTC] PHP Fatal error:  Out of memory (allocated 25165824) (tried to allocate 2097152 bytes) in /wordpress/wp-content/plugins/wpforms-lite/src/Admin/Education/Fields.php on line 49
[07-Apr-2024 15:52:21 UTC] PHP Fatal error:  Out of memory (allocated 25165824) (tried to allocate 2097152 bytes) in /wordpress/wp-content/plugins/wpforms-lite/src/Admin/Education/Fields.php on line 49
[07-Apr-2024 15:52:22 UTC] PHP Fatal error:  Out of memory (allocated 25165824) (tried to allocate 2097152 bytes) in /wordpress/wp-content/plugins/wpforms-lite/src/Admin/Education/Fields.php on line 49
[07-Apr-2024 15:52:22 UTC] PHP Fatal error:  Out of memory (allocated 25165824) (tried to allocate 2097152 bytes) in /wordpress/wp-content/plugins/wpforms-lite/src/Admin/Education/Fields.php on line 49
[07-Apr-2024 15:52:23 UTC] PHP Fatal error:  Out of memory (allocated 25165824) (tried to allocate 2097152 bytes) in /wordpress/wp-content/plugins/wpforms-lite/src/Admin/Education/Fields.php on line 49
[07-Apr-2024 15:52:24 UTC] PHP Fatal error:  Out of memory (allocated 25165824) (tried to allocate 2097152 bytes) in /wordpress/wp-content/plugins/wpforms-lite/src/Admin/Education/Fields.php on line 49
[07-Apr-2024 15:52:25 UTC] PHP Fatal error:  Out of memory (allocated 25165824) (tried to allocate 2097152 bytes) in /wordpress/wp-content/plugins/wpforms-lite/src/Admin/Education/Fields.php on line 49
[07-Apr-2024 15:52:25 UTC] PHP Fatal error:  Out of memory (allocated 25165824) (tried to allocate 2097152 bytes) in /wordpress/wp-content/plugins/wpforms-lite/src/Admin/Education/Fields.php on line 49
[07-Apr-2024 15:52:26 UTC] PHP Fatal error:  Out of memory (allocated 25165824) (tried to allocate 2097152 bytes) in /wordpress/wp-content/plugins/wpforms-lite/src/Admin/Education/Fields.php on line 49
[07-Apr-2024 15:52:27 UTC] PHP Fatal error:  Out of memory (allocated 25165824) (tried to allocate 2097152 bytes) in /wordpress/wp-content/plugins/wpforms-lite/src/Logger/Repository.php on line 103
[07-Apr-2024 15:52:27 UTC] PHP Notice:  Function is_embed was called incorrectly. Conditional query tags do not work before the query is run. Before then, they always return false. Please see <a>Debugging in WordPress</a> for more information. (This message was added in version 3.1.0.) in /wordpress/wp-includes/functions.php on line 135
[07-Apr-2024 15:52:27 UTC] PHP Notice:  Function is_search was called incorrectly. Conditional query tags do not work before the query is run. Before then, they always return false. Please see <a>Debugging in WordPress</a> for more information. (This message was added in version 3.1.0.) in /wordpress/wp-includes/functions.php on line 135
[07-Apr-2024 15:52:27 UTC] PHP Fatal error:  Out of memory (allocated 25165824) (tried to allocate 2097152 bytes) in /wordpress/wp-content/plugins/wpforms-lite/src/Admin/Education/Fields.php on line 49
[07-Apr-2024 15:52:28 UTC] PHP Fatal error:  Out of memory (allocated 25165824) (tried to allocate 2097152 bytes) in /wordpress/wp-content/plugins/wpforms-lite/src/Admin/Education/Core.php on line 64
[07-Apr-2024 16:01:12 UTC] PHP Fatal error:  Uncaught Error: [] operator not supported for strings in /wordpress/wp-content/plugins/ecommerce-product-catalog/includes/settings/tooltips.php:218
Stack trace:
#0 /wordpress/wp-includes/class-wp-hook.php(3): implecode_ajax_wp_tooltip_hide('')
#1 /wordpress/wp-includes/class-wp-hook.php(3): WP_Hook->apply_filters('', Array)
#2 /wordpress/wp-includes/plugin.php(2): WP_Hook->do_action(Array)
#3 /wordpress/wp-admin/admin-ajax.php(2): do_action('wp_ajax_impleco...')
#4 {main}
  thrown in /wordpress/wp-content/plugins/ecommerce-product-catalog/includes/settings/tooltips.php on line 218
[07-Apr-2024 16:01:40 UTC] WordPress database error <div style="clear:both">&nbsp;</div>
<div class="queries" style="clear:both;margin-bottom:2px;border:red dotted thin;">
<p>MySQL query:</p>
<p>UPDATE `wp_options` SET `option_value` = NULL WHERE `option_name` = 'product_listing_url'</p>
<p>Queries made or created this session were:</p>
<ol>
<li>Executing: BEGIN | (no parameters)</li>
<li>Executing: UPDATE `wp_options` SET `option_value` = NULL WHERE `option_name` = :param0  | parameters: product_listing_url</li>
<li>Executing: ROLLBACK | (no parameters)</li>
</ol>
</div>
<div style="clear:both;margin-bottom:2px;border:red dotted thin;" class="error_message" style="border-bottom:dotted blue thin;">
Error occurred at line 3449 in Function <code>handle_error</code>. Error message was: SQLSTATE[23000]: Integrity constraint violation: 19 NOT NULL constraint failed: wp_options.option_value.
</div>
<p>Backtrace:</p>
<pre>#0 /wordpress/wp-content/mu-plugins/sqlite-database-integration/wp-includes/sqlite/class-wp-sqlite-db.php(287): WP_SQLite_Translator->get_error_message()
#1 /wordpress/wp-includes/class-wpdb.php(3): WP_SQLite_DB->query('UPDATE `wp_opti...')
#2 /wordpress/wp-includes/option.php(2): wpdb->update('wp_options', Array, Array)
#3 /wordpress/wp-admin/options.php(2): update_option('product_listing...', NULL)
#4 {main}</pre>
 for query UPDATE `wp_options` SET `option_value` = NULL WHERE `option_name` = 'product_listing_url' made by update_option, WP_SQLite_DB->query, WP_SQLite_DB->print_error
[07-Apr-2024 16:09:06 UTC] PHP Warning:  get_headers(): https:// wrapper is disabled in the server configuration by allow_url_fopen=0 in /wordpress/wp-content/plugins/ecommerce-product-catalog/modules/cart/includes/cart/ic_cached_cart.php on line 47
[07-Apr-2024 16:09:06 UTC] PHP Warning:  get_headers(): This function may only be used against URLs in /wordpress/wp-content/plugins/ecommerce-product-catalog/modules/cart/includes/cart/ic_cached_cart.php on line 47
[07-Apr-2024 16:15:22 UTC] PHP Deprecated:  Hook http_api_transports is deprecated since version 6.4.0 with no alternative available. in /wordpress/wp-includes/functions.php on line 135
